app/build/intermediates/manifest_merge_blame_file/debug/manifest-merger-blame-debug-report.txt
1<?xml version="1.0" encoding="utf-8"?>
2<manifest xmlns:android="http://schemas.android.com/apk/res/android"
3    package="com.codecx.musicplayer"
4    android:versionCode="2"
5    android:versionName="1.0.1" >
6
7    <uses-sdk
8        android:minSdkVersion="24"
8-->src/main/AndroidManifest.xml
9        android:targetSdkVersion="32" />
9-->src/main/AndroidManifest.xml
10
11    <uses-permission
11-->src/main/AndroidManifest.xml:6:5-8:38
12        android:name="android.permission.WRITE_EXTERNAL_STORAGE"
12-->src/main/AndroidManifest.xml:7:9-65
13        android:maxSdkVersion="28" />
13-->src/main/AndroidManifest.xml:8:9-35
14    <uses-permission android:name="android.permission.READ_EXTERNAL_STORAGE" />
14-->src/main/AndroidManifest.xml:9:5-80
14-->src/main/AndroidManifest.xml:9:22-77
15    <uses-permission android:name="android.permission.FOREGROUND_SERVICE" />
15-->src/main/AndroidManifest.xml:10:5-77
15-->src/main/AndroidManifest.xml:10:22-74
16    <uses-permission android:name="android.permission.MANAGE_MEDIA" />
16-->src/main/AndroidManifest.xml:11:5-12:47
16-->src/main/AndroidManifest.xml:11:22-68
17    <uses-permission android:name="android.permission.ACCESS_MEDIA_LOCATION" />
17-->src/main/AndroidManifest.xml:13:5-80
17-->src/main/AndroidManifest.xml:13:22-77
18    <uses-permission android:name="android.permission.READ_PHONE_STATE" />
18-->src/main/AndroidManifest.xml:14:5-75
18-->src/main/AndroidManifest.xml:14:22-72
19
20    <permission android:name="android.permission.MEDIA_CONTENT_CONTROL" />
20-->src/main/AndroidManifest.xml:16:5-75
20-->src/main/AndroidManifest.xml:16:17-72
21
22    <uses-permission android:name="android.permission.WAKE_LOCK" />
22-->src/main/AndroidManifest.xml:18:5-68
22-->src/main/AndroidManifest.xml:18:22-65
23    <uses-permission android:name="android.permission.MODIFY_AUDIO_SETTINGS" />
23-->src/main/AndroidManifest.xml:19:5-80
23-->src/main/AndroidManifest.xml:19:22-77
24    <uses-permission android:name="android.permission.ACCESS_NETWORK_STATE" />
24-->[androidx.work:work-runtime:2.7.1] AndroidManifest.xml:26:5-79
24-->[androidx.work:work-runtime:2.7.1] AndroidManifest.xml:26:22-76
25    <uses-permission android:name="android.permission.RECEIVE_BOOT_COMPLETED" />
25-->[androidx.work:work-runtime:2.7.1] AndroidManifest.xml:27:5-81
25-->[androidx.work:work-runtime:2.7.1] AndroidManifest.xml:27:22-78
26
27    <application
27-->src/main/AndroidManifest.xml:21:5-60:19
28        android:name="com.appclass.AppClass"
28-->src/main/AndroidManifest.xml:22:9-42
29        android:allowBackup="true"
29-->src/main/AndroidManifest.xml:23:9-35
30        android:appComponentFactory="androidx.core.app.CoreComponentFactory"
30-->[androidx.core:core:1.8.0] AndroidManifest.xml:24:18-86
31        android:debuggable="true"
32        android:extractNativeLibs="false"
33        android:icon="@mipmap/ic_launcher"
33-->src/main/AndroidManifest.xml:24:9-43
34        android:label="@string/app_name"
34-->src/main/AndroidManifest.xml:25:9-41
35        android:requestLegacyExternalStorage="true"
35-->src/main/AndroidManifest.xml:26:9-52
36        android:roundIcon="@mipmap/ic_launcher_round"
36-->src/main/AndroidManifest.xml:27:9-54
37        android:supportsRtl="true"
37-->src/main/AndroidManifest.xml:28:9-35
38        android:theme="@style/Theme.MusicPlayer" >
38-->src/main/AndroidManifest.xml:29:9-49
39        <provider
40            android:name="androidx.core.content.FileProvider"
40-->src/main/AndroidManifest.xml:32:13-62
41            android:authorities="com.codecx.musicplayer.provider"
41-->src/main/AndroidManifest.xml:33:13-60
42            android:exported="false"
42-->src/main/AndroidManifest.xml:34:13-37
43            android:grantUriPermissions="true" >
43-->src/main/AndroidManifest.xml:35:13-47
44            <meta-data
44-->src/main/AndroidManifest.xml:36:13-38:53
45                android:name="android.support.FILE_PROVIDER_PATHS"
45-->src/main/AndroidManifest.xml:37:17-67
46                android:resource="@xml/filepaths" />
46-->src/main/AndroidManifest.xml:38:17-50
47        </provider>
48
49        <activity
49-->src/main/AndroidManifest.xml:41:9-50:20
50            android:name="com.musicgraphicalinterfaces.activities.SplashScreen"
50-->src/main/AndroidManifest.xml:42:13-80
51            android:exported="true"
51-->src/main/AndroidManifest.xml:44:13-36
52            android:screenOrientation="portrait" >
52-->src/main/AndroidManifest.xml:43:13-49
53            <intent-filter>
53-->src/main/AndroidManifest.xml:45:13-49:29
54                <action android:name="android.intent.action.MAIN" />
54-->src/main/AndroidManifest.xml:46:17-69
54-->src/main/AndroidManifest.xml:46:25-66
55
56                <category android:name="android.intent.category.LAUNCHER" />
56-->src/main/AndroidManifest.xml:48:17-77
56-->src/main/AndroidManifest.xml:48:27-74
57            </intent-filter>
58        </activity>
59        <activity
59-->src/main/AndroidManifest.xml:51:9-54:52
60            android:name="com.musicgraphicalinterfaces.activities.MainActivity"
60-->src/main/AndroidManifest.xml:52:13-77
61            android:launchMode="singleTop"
61-->src/main/AndroidManifest.xml:53:13-43
62            android:screenOrientation="portrait" />
62-->src/main/AndroidManifest.xml:54:13-49
63
64        <service android:name="com.musicservices.NotificationPlayerService" />
64-->src/main/AndroidManifest.xml:56:9-57:43
64-->src/main/AndroidManifest.xml:56:18-76
65
66        <receiver android:name="com.musicservices.NotificationBroadcastReceiver" />
66-->src/main/AndroidManifest.xml:58:9-84
66-->src/main/AndroidManifest.xml:58:19-81
67
68        <provider
68-->[androidx.work:work-runtime:2.7.1] AndroidManifest.xml:31:9-39:20
69            android:name="androidx.startup.InitializationProvider"
69-->[androidx.work:work-runtime:2.7.1] AndroidManifest.xml:32:13-67
70            android:authorities="com.codecx.musicplayer.androidx-startup"
70-->[androidx.work:work-runtime:2.7.1] AndroidManifest.xml:33:13-68
71            android:exported="false" >
71-->[androidx.work:work-runtime:2.7.1] AndroidManifest.xml:34:13-37
72            <meta-data
72-->[androidx.work:work-runtime:2.7.1] AndroidManifest.xml:36:13-38:52
73                android:name="androidx.work.WorkManagerInitializer"
73-->[androidx.work:work-runtime:2.7.1] AndroidManifest.xml:37:17-68
74                android:value="androidx.startup" />
74-->[androidx.work:work-runtime:2.7.1] AndroidManifest.xml:38:17-49
75            <meta-data
75-->[androidx.emoji2:emoji2:1.2.0] AndroidManifest.xml:29:13-31:52
76                android:name="androidx.emoji2.text.EmojiCompatInitializer"
76-->[androidx.emoji2:emoji2:1.2.0] AndroidManifest.xml:30:17-75
77                android:value="androidx.startup" />
77-->[androidx.emoji2:emoji2:1.2.0] AndroidManifest.xml:31:17-49
78            <meta-data
78-->[androidx.lifecycle:lifecycle-process:2.4.1] AndroidManifest.xml:31:13-33:52
79                android:name="androidx.lifecycle.ProcessLifecycleInitializer"
79-->[androidx.lifecycle:lifecycle-process:2.4.1] AndroidManifest.xml:32:17-78
80                android:value="androidx.startup" />
80-->[androidx.lifecycle:lifecycle-process:2.4.1] AndroidManifest.xml:33:17-49
81        </provider>
82
83        <service
83-->[androidx.work:work-runtime:2.7.1] AndroidManifest.xml:41:9-46:35
84            android:name="androidx.work.impl.background.systemalarm.SystemAlarmService"
84-->[androidx.work:work-runtime:2.7.1] AndroidManifest.xml:42:13-88
85            android:directBootAware="false"
85-->[androidx.work:work-runtime:2.7.1] AndroidManifest.xml:43:13-44
86            android:enabled="@bool/enable_system_alarm_service_default"
86-->[androidx.work:work-runtime:2.7.1] AndroidManifest.xml:44:13-72
87            android:exported="false" />
87-->[androidx.work:work-runtime:2.7.1] AndroidManifest.xml:45:13-37
88        <service
88-->[androidx.work:work-runtime:2.7.1] AndroidManifest.xml:47:9-53:35
89            android:name="androidx.work.impl.background.systemjob.SystemJobService"
89-->[androidx.work:work-runtime:2.7.1] AndroidManifest.xml:48:13-84
90            android:directBootAware="false"
90-->[androidx.work:work-runtime:2.7.1] AndroidManifest.xml:49:13-44
91            android:enabled="@bool/enable_system_job_service_default"
91-->[androidx.work:work-runtime:2.7.1] AndroidManifest.xml:50:13-70
92            android:exported="true"
92-->[androidx.work:work-runtime:2.7.1] AndroidManifest.xml:51:13-36
93            android:permission="android.permission.BIND_JOB_SERVICE" />
93-->[androidx.work:work-runtime:2.7.1] AndroidManifest.xml:52:13-69
94        <service
94-->[androidx.work:work-runtime:2.7.1] AndroidManifest.xml:54:9-59:35
95            android:name="androidx.work.impl.foreground.SystemForegroundService"
95-->[androidx.work:work-runtime:2.7.1] AndroidManifest.xml:55:13-81
96            android:directBootAware="false"
96-->[androidx.work:work-runtime:2.7.1] AndroidManifest.xml:56:13-44
97            android:enabled="@bool/enable_system_foreground_service_default"
97-->[androidx.work:work-runtime:2.7.1] AndroidManifest.xml:57:13-77
98            android:exported="false" />
98-->[androidx.work:work-runtime:2.7.1] AndroidManifest.xml:58:13-37
99
100        <receiver
100-->[androidx.work:work-runtime:2.7.1] AndroidManifest.xml:61:9-66:35
101            android:name="androidx.work.impl.utils.ForceStopRunnable$BroadcastReceiver"
101-->[androidx.work:work-runtime:2.7.1] AndroidManifest.xml:62:13-88
102            android:directBootAware="false"
102-->[androidx.work:work-runtime:2.7.1] AndroidManifest.xml:63:13-44
103            android:enabled="true"
103-->[androidx.work:work-runtime:2.7.1] AndroidManifest.xml:64:13-35
104            android:exported="false" />
104-->[androidx.work:work-runtime:2.7.1] AndroidManifest.xml:65:13-37
105        <receiver
105-->[androidx.work:work-runtime:2.7.1] AndroidManifest.xml:67:9-77:20
106            android:name="androidx.work.impl.background.systemalarm.ConstraintProxy$BatteryChargingProxy"
106-->[androidx.work:work-runtime:2.7.1] AndroidManifest.xml:68:13-106
107            android:directBootAware="false"
107-->[androidx.work:work-runtime:2.7.1] AndroidManifest.xml:69:13-44
108            android:enabled="false"
108-->[androidx.work:work-runtime:2.7.1] AndroidManifest.xml:70:13-36
109            android:exported="false" >
109-->[androidx.work:work-runtime:2.7.1] AndroidManifest.xml:71:13-37
110            <intent-filter>
110-->[androidx.work:work-runtime:2.7.1] AndroidManifest.xml:73:13-76:29
111                <action android:name="android.intent.action.ACTION_POWER_CONNECTED" />
111-->[androidx.work:work-runtime:2.7.1] AndroidManifest.xml:74:17-87
111-->[androidx.work:work-runtime:2.7.1] AndroidManifest.xml:74:25-84
112                <action android:name="android.intent.action.ACTION_POWER_DISCONNECTED" />
112-->[androidx.work:work-runtime:2.7.1] AndroidManifest.xml:75:17-90
112-->[androidx.work:work-runtime:2.7.1] AndroidManifest.xml:75:25-87
113            </intent-filter>
114        </receiver>
115        <receiver
115-->[androidx.work:work-runtime:2.7.1] AndroidManifest.xml:78:9-88:20
116            android:name="androidx.work.impl.background.systemalarm.ConstraintProxy$BatteryNotLowProxy"
116-->[androidx.work:work-runtime:2.7.1] AndroidManifest.xml:79:13-104
117            android:directBootAware="false"
117-->[androidx.work:work-runtime:2.7.1] AndroidManifest.xml:80:13-44
118            android:enabled="false"
118-->[androidx.work:work-runtime:2.7.1] AndroidManifest.xml:81:13-36
119            android:exported="false" >
119-->[androidx.work:work-runtime:2.7.1] AndroidManifest.xml:82:13-37
120            <intent-filter>
120-->[androidx.work:work-runtime:2.7.1] AndroidManifest.xml:84:13-87:29
121                <action android:name="android.intent.action.BATTERY_OKAY" />
121-->[androidx.work:work-runtime:2.7.1] AndroidManifest.xml:85:17-77
121-->[androidx.work:work-runtime:2.7.1] AndroidManifest.xml:85:25-74
122                <action android:name="android.intent.action.BATTERY_LOW" />
122-->[androidx.work:work-runtime:2.7.1] AndroidManifest.xml:86:17-76
122-->[androidx.work:work-runtime:2.7.1] AndroidManifest.xml:86:25-73
123            </intent-filter>
124        </receiver>
125        <receiver
125-->[androidx.work:work-runtime:2.7.1] AndroidManifest.xml:89:9-99:20
126            android:name="androidx.work.impl.background.systemalarm.ConstraintProxy$StorageNotLowProxy"
126-->[androidx.work:work-runtime:2.7.1] AndroidManifest.xml:90:13-104
127            android:directBootAware="false"
127-->[androidx.work:work-runtime:2.7.1] AndroidManifest.xml:91:13-44
128            android:enabled="false"
128-->[androidx.work:work-runtime:2.7.1] AndroidManifest.xml:92:13-36
129            android:exported="false" >
129-->[androidx.work:work-runtime:2.7.1] AndroidManifest.xml:93:13-37
130            <intent-filter>
130-->[androidx.work:work-runtime:2.7.1] AndroidManifest.xml:95:13-98:29
131                <action android:name="android.intent.action.DEVICE_STORAGE_LOW" />
131-->[androidx.work:work-runtime:2.7.1] AndroidManifest.xml:96:17-83
131-->[androidx.work:work-runtime:2.7.1] AndroidManifest.xml:96:25-80
132                <action android:name="android.intent.action.DEVICE_STORAGE_OK" />
132-->[androidx.work:work-runtime:2.7.1] AndroidManifest.xml:97:17-82
132-->[androidx.work:work-runtime:2.7.1] AndroidManifest.xml:97:25-79
133            </intent-filter>
134        </receiver>
135        <receiver
135-->[androidx.work:work-runtime:2.7.1] AndroidManifest.xml:100:9-109:20
136            android:name="androidx.work.impl.background.systemalarm.ConstraintProxy$NetworkStateProxy"
136-->[androidx.work:work-runtime:2.7.1] AndroidManifest.xml:101:13-103
137            android:directBootAware="false"
137-->[androidx.work:work-runtime:2.7.1] AndroidManifest.xml:102:13-44
138            android:enabled="false"
138-->[androidx.work:work-runtime:2.7.1] AndroidManifest.xml:103:13-36
139            android:exported="false" >
139-->[androidx.work:work-runtime:2.7.1] AndroidManifest.xml:104:13-37
140            <intent-filter>
140-->[androidx.work:work-runtime:2.7.1] AndroidManifest.xml:106:13-108:29
141                <action android:name="android.net.conn.CONNECTIVITY_CHANGE" />
141-->[androidx.work:work-runtime:2.7.1] AndroidManifest.xml:107:17-79
141-->[androidx.work:work-runtime:2.7.1] AndroidManifest.xml:107:25-76
142            </intent-filter>
143        </receiver>
144        <receiver
144-->[androidx.work:work-runtime:2.7.1] AndroidManifest.xml:110:9-121:20
145            android:name="androidx.work.impl.background.systemalarm.RescheduleReceiver"
145-->[androidx.work:work-runtime:2.7.1] AndroidManifest.xml:111:13-88
146            android:directBootAware="false"
146-->[androidx.work:work-runtime:2.7.1] AndroidManifest.xml:112:13-44
147            android:enabled="false"
147-->[androidx.work:work-runtime:2.7.1] AndroidManifest.xml:113:13-36
148            android:exported="false" >
148-->[androidx.work:work-runtime:2.7.1] AndroidManifest.xml:114:13-37
149            <intent-filter>
149-->[androidx.work:work-runtime:2.7.1] AndroidManifest.xml:116:13-120:29
150                <action android:name="android.intent.action.BOOT_COMPLETED" />
150-->[androidx.work:work-runtime:2.7.1] AndroidManifest.xml:117:17-79
150-->[androidx.work:work-runtime:2.7.1] AndroidManifest.xml:117:25-76
151                <action android:name="android.intent.action.TIME_SET" />
151-->[androidx.work:work-runtime:2.7.1] AndroidManifest.xml:118:17-73
151-->[androidx.work:work-runtime:2.7.1] AndroidManifest.xml:118:25-70
152                <action android:name="android.intent.action.TIMEZONE_CHANGED" />
152-->[androidx.work:work-runtime:2.7.1] AndroidManifest.xml:119:17-81
152-->[androidx.work:work-runtime:2.7.1] AndroidManifest.xml:119:25-78
153            </intent-filter>
154        </receiver>
155        <receiver
155-->[androidx.work:work-runtime:2.7.1] AndroidManifest.xml:122:9-131:20
156            android:name="androidx.work.impl.background.systemalarm.ConstraintProxyUpdateReceiver"
156-->[androidx.work:work-runtime:2.7.1] AndroidManifest.xml:123:13-99
157            android:directBootAware="false"
157-->[androidx.work:work-runtime:2.7.1] AndroidManifest.xml:124:13-44
158            android:enabled="@bool/enable_system_alarm_service_default"
158-->[androidx.work:work-runtime:2.7.1] AndroidManifest.xml:125:13-72
159            android:exported="false" >
159-->[androidx.work:work-runtime:2.7.1] AndroidManifest.xml:126:13-37
160            <intent-filter>
160-->[androidx.work:work-runtime:2.7.1] AndroidManifest.xml:128:13-130:29
161                <action android:name="androidx.work.impl.background.systemalarm.UpdateProxies" />
161-->[androidx.work:work-runtime:2.7.1] AndroidManifest.xml:129:17-98
161-->[androidx.work:work-runtime:2.7.1] AndroidManifest.xml:129:25-95
162            </intent-filter>
163        </receiver>
164        <receiver
164-->[androidx.work:work-runtime:2.7.1] AndroidManifest.xml:132:9-142:20
165            android:name="androidx.work.impl.diagnostics.DiagnosticsReceiver"
165-->[androidx.work:work-runtime:2.7.1] AndroidManifest.xml:133:13-78
166            android:directBootAware="false"
166-->[androidx.work:work-runtime:2.7.1] AndroidManifest.xml:134:13-44
167            android:enabled="true"
167-->[androidx.work:work-runtime:2.7.1] AndroidManifest.xml:135:13-35
168            android:exported="true"
168-->[androidx.work:work-runtime:2.7.1] AndroidManifest.xml:136:13-36
169            android:permission="android.permission.DUMP" >
169-->[androidx.work:work-runtime:2.7.1] AndroidManifest.xml:137:13-57
170            <intent-filter>
170-->[androidx.work:work-runtime:2.7.1] AndroidManifest.xml:139:13-141:29
171                <action android:name="androidx.work.diagnostics.REQUEST_DIAGNOSTICS" />
171-->[androidx.work:work-runtime:2.7.1] AndroidManifest.xml:140:17-88
171-->[androidx.work:work-runtime:2.7.1] AndroidManifest.xml:140:25-85
172            </intent-filter>
173        </receiver>
174
175        <service
175-->[androidx.room:room-runtime:2.4.3] AndroidManifest.xml:25:9-28:40
176            android:name="androidx.room.MultiInstanceInvalidationService"
176-->[androidx.room:room-runtime:2.4.3] AndroidManifest.xml:26:13-74
177            android:directBootAware="true"
177-->[androidx.room:room-runtime:2.4.3] AndroidManifest.xml:27:13-43
178            android:exported="false" />
178-->[androidx.room:room-runtime:2.4.3] AndroidManifest.xml:28:13-37
179    </application>
180
181</manifest>